<?xml version="1.0" encoding="UTF-8"?>
<robot generator="Robot 4.0.1 (Python 3.9.4 on win32)" generated="20210508 02:29:33.371" rpa="false" schemaversion="2">
<suite id="s1" name="Main" source="C:\developpement\notre_ihm\tests\main.robot">
<kw name="Begin Web Test" library="common" type="SETUP">
<kw name="Open Browser" library="SeleniumLibrary">
<arg>about:blank</arg>
<arg>${browser}</arg>
<doc>Opens a new browser instance to the optional ``url``.</doc>
<msg timestamp="20210508 02:29:33.566" level="INFO">Opening browser 'chrome' to base url 'about:blank'.</msg>
<status status="PASS" starttime="20210508 02:29:33.566" endtime="20210508 02:29:34.660"/>
</kw>
<kw name="Maximize Browser Window" library="SeleniumLibrary">
<doc>Maximizes current browser window.</doc>
<status status="PASS" starttime="20210508 02:29:34.660" endtime="20210508 02:29:34.782"/>
</kw>
<status status="PASS" starttime="20210508 02:29:33.565" endtime="20210508 02:29:34.782"/>
</kw>
<test id="s1-t1" name="Voir produits Disponibles">
<kw name="Charger la page web" library="PageAccueil">
<kw name="Go To" library="SeleniumLibrary">
<arg>${google_url}</arg>
<doc>Navigates the current browser window to the provided ``url``.</doc>
<msg timestamp="20210508 02:29:34.784" level="INFO">Opening url 'https://www.google.com/'</msg>
<status status="PASS" starttime="20210508 02:29:34.784" endtime="20210508 02:29:35.131"/>
</kw>
<kw name="Set Selenium Implicit Wait" library="SeleniumLibrary">
<arg>1000</arg>
<doc>Sets the implicit wait value used by Selenium.</doc>
<status status="PASS" starttime="20210508 02:29:35.131" endtime="20210508 02:29:35.132"/>
</kw>
<kw name="Wait Until Page Contains" library="SeleniumLibrary">
<arg>J'accepte</arg>
<doc>Waits until ``text`` appears on the current page.</doc>
<status status="PASS" starttime="20210508 02:29:35.132" endtime="20210508 02:29:35.144"/>
</kw>
<kw name="Click Element" library="SeleniumLibrary">
<arg>xpath=//*[@id="zV9nZe"]/div</arg>
<doc>Click the element identified by ``locator``.</doc>
<msg timestamp="20210508 02:29:35.144" level="INFO">Clicking element 'xpath=//*[@id="zV9nZe"]/div'.</msg>
<status status="PASS" starttime="20210508 02:29:35.144" endtime="20210508 02:29:35.189"/>
</kw>
<status status="PASS" starttime="20210508 02:29:34.783" endtime="20210508 02:29:35.189"/>
</kw>
<kw name="Chercher le site web" library="PageAccueil">
<kw name="Clear Element Text" library="SeleniumLibrary">
<arg>name=q</arg>
<doc>Clears the value of the text-input-element identified by ``locator``.</doc>
<status status="PASS" starttime="20210508 02:29:35.190" endtime="20210508 02:29:35.227"/>
</kw>
<kw name="Input Text" library="SeleniumLibrary">
<arg>name=q</arg>
<arg>amazon</arg>
<doc>Types the given ``text`` into the text field identified by ``locator``.</doc>
<msg timestamp="20210508 02:29:35.228" level="INFO">Typing text 'amazon' into text field 'name=q'.</msg>
<status status="PASS" starttime="20210508 02:29:35.227" endtime="20210508 02:29:35.395"/>
</kw>
<kw name="Click Element" library="SeleniumLibrary">
<arg>name=btnK</arg>
<doc>Click the element identified by ``locator``.</doc>
<msg timestamp="20210508 02:29:35.396" level="INFO">Clicking element 'name=btnK'.</msg>
<status status="PASS" starttime="20210508 02:29:35.395" endtime="20210508 02:29:36.677"/>
</kw>
<kw name="Wait Until Page Contains" library="SeleniumLibrary">
<arg>Images</arg>
<doc>Waits until ``text`` appears on the current page.</doc>
<status status="PASS" starttime="20210508 02:29:36.677" endtime="20210508 02:29:36.690"/>
</kw>
<status status="PASS" starttime="20210508 02:29:35.189" endtime="20210508 02:29:36.690"/>
</kw>
<kw name="Naviguer vers le site Amazon" library="PageAccueil">
<kw name="Click Element" library="SeleniumLibrary">
<arg>xpath=//*[@id="tads"]/div/div/div/div[1]/a/div[1]</arg>
<doc>Click the element identified by ``locator``.</doc>
<msg timestamp="20210508 02:29:36.691" level="INFO">Clicking element 'xpath=//*[@id="tads"]/div/div/div/div[1]/a/div[1]'.</msg>
<status status="PASS" starttime="20210508 02:29:36.691" endtime="20210508 02:29:37.834"/>
</kw>
<kw name="Wait Until Page Contains" library="SeleniumLibrary">
<arg>Commandes</arg>
<doc>Waits until ``text`` appears on the current page.</doc>
<status status="PASS" starttime="20210508 02:29:37.834" endtime="20210508 02:29:37.855"/>
</kw>
<status status="PASS" starttime="20210508 02:29:36.690" endtime="20210508 02:29:37.855"/>
</kw>
<kw name="Rechercher le produit" library="PageAccueil">
<kw name="Clear Element Text" library="SeleniumLibrary">
<arg>xpath=//*[@id="twotabsearchtextbox"]</arg>
<doc>Clears the value of the text-input-element identified by ``locator``.</doc>
<status status="PASS" starttime="20210508 02:29:37.856" endtime="20210508 02:29:37.904"/>
</kw>
<kw name="Input Text" library="SeleniumLibrary">
<arg>xpath=//*[@id="twotabsearchtextbox"]</arg>
<arg>rj45 cable</arg>
<doc>Types the given ``text`` into the text field identified by ``locator``.</doc>
<msg timestamp="20210508 02:29:37.905" level="INFO">Typing text 'rj45 cable' into text field 'xpath=//*[@id="twotabsearchtextbox"]'.</msg>
<status status="PASS" starttime="20210508 02:29:37.904" endtime="20210508 02:29:37.979"/>
</kw>
<kw name="Click Element" library="SeleniumLibrary">
<arg>//*[@id="nav-search-submit-button"]</arg>
<doc>Click the element identified by ``locator``.</doc>
<msg timestamp="20210508 02:29:37.979" level="INFO">Clicking element '//*[@id="nav-search-submit-button"]'.</msg>
<status status="PASS" starttime="20210508 02:29:37.979" endtime="20210508 02:29:39.302"/>
</kw>
<kw name="Set Selenium Implicit Wait" library="SeleniumLibrary">
<arg>1000</arg>
<doc>Sets the implicit wait value used by Selenium.</doc>
<status status="PASS" starttime="20210508 02:29:39.303" endtime="20210508 02:29:39.304"/>
</kw>
<kw name="Click Element" library="SeleniumLibrary">
<arg>//*[@id="sp-cc-accept"]</arg>
<doc>Click the element identified by ``locator``.</doc>
<msg timestamp="20210508 02:29:39.304" level="INFO">Clicking element '//*[@id="sp-cc-accept"]'.</msg>
<status status="PASS" starttime="20210508 02:29:39.304" endtime="20210508 02:29:39.404"/>
</kw>
<kw name="Wait Until Page Contains" library="SeleniumLibrary">
<arg>Commandes</arg>
<doc>Waits until ``text`` appears on the current page.</doc>
<status status="PASS" starttime="20210508 02:29:39.404" endtime="20210508 02:29:39.424"/>
</kw>
<kw name="Press Keys" library="SeleniumLibrary">
<arg>NONE</arg>
<arg>PAGE_DOWN</arg>
<doc>Simulates the user pressing key(s) to an element or on the active browser.</doc>
<msg timestamp="20210508 02:29:39.424" level="INFO">Sending key(s) ('PAGE_DOWN',) to page.</msg>
<msg timestamp="20210508 02:29:39.424" level="INFO">Pressing special key PAGE_DOWN to browser.</msg>
<msg timestamp="20210508 02:29:39.424" level="INFO">Releasing special key PAGE_DOWN.</msg>
<status status="PASS" starttime="20210508 02:29:39.424" endtime="20210508 02:29:39.440"/>
</kw>
<kw name="Set Selenium Implicit Wait" library="SeleniumLibrary">
<arg>1000</arg>
<doc>Sets the implicit wait value used by Selenium.</doc>
<status status="PASS" starttime="20210508 02:29:39.440" endtime="20210508 02:29:39.441"/>
</kw>
<status status="PASS" starttime="20210508 02:29:37.855" endtime="20210508 02:29:39.441"/>
</kw>
<status status="PASS" starttime="20210508 02:29:34.782" endtime="20210508 02:29:39.441"/>
</test>
<test id="s1-t2" name="Choisir son produit">
<kw name="Choisir Produit Interessant" library="PageProduit">
<kw name="Click Link" library="SeleniumLibrary">
<arg>//*[@id="search"]/div[1]/div/div[1]/div/span[3]/div[2]/div[3]/div/span/div/div/div/div/div[2]/h2</arg>
<doc>Clicks a link identified by ``locator``.</doc>
<msg timestamp="20210508 02:29:39.444" level="INFO">Clicking link '//*[@id="search"]/div[1]/div/div[1]/div/span[3]/div[2]/div[3]/div/span/div/div/div/div/div[2]/h2'.</msg>
<kw name="Capture Page Screenshot" library="SeleniumLibrary">
<doc>Takes a screenshot of the current page and embeds it into a log file.</doc>
<msg timestamp="20210508 02:29:39.758" level="INFO" html="true">&lt;/td&gt;&lt;/tr&gt;&lt;tr&gt;&lt;td colspan="3"&gt;&lt;a href="selenium-screenshot-3.png"&gt;&lt;img src="selenium-screenshot-3.png" width="800px"&gt;&lt;/a&gt;</msg>
<status status="PASS" starttime="20210508 02:29:39.461" endtime="20210508 02:29:39.758"/>
</kw>
<msg timestamp="20210508 02:29:39.760" level="FAIL">Link with locator '//*[@id="search"]/div[1]/div/div[1]/div/span[3]/div[2]/div[3]/div/span/div/div/div/div/div[2]/h2' not found.</msg>
<status status="FAIL" starttime="20210508 02:29:39.443" endtime="20210508 02:29:39.760"/>
</kw>
<kw name="Wait Until Page Contains" library="SeleniumLibrary">
<arg>Ajouter au panier</arg>
<doc>Waits until ``text`` appears on the current page.</doc>
<status status="NOT RUN" starttime="20210508 02:29:39.760" endtime="20210508 02:29:39.760"/>
</kw>
<status status="FAIL" starttime="20210508 02:29:39.443" endtime="20210508 02:29:39.761"/>
</kw>
<kw name="Chosir taille cable" library="PageProduit">
<status status="NOT RUN" starttime="20210508 02:29:39.761" endtime="20210508 02:29:39.761"/>
</kw>
<kw name="Ajouter produit au panier" library="PageProduit">
<status status="NOT RUN" starttime="20210508 02:29:39.761" endtime="20210508 02:29:39.761"/>
</kw>
<status status="FAIL" starttime="20210508 02:29:39.442" endtime="20210508 02:29:39.762">Link with locator '//*[@id="search"]/div[1]/div/div[1]/div/span[3]/div[2]/div[3]/div/span/div/div/div/div/div[2]/h2' not found.</status>
</test>
<kw name="End Web Test" library="common" type="TEARDOWN">
<kw name="Close Browser" library="SeleniumLibrary">
<doc>Closes the current browser.</doc>
<status status="PASS" starttime="20210508 02:29:39.763" endtime="20210508 02:29:42.359"/>
</kw>
<status status="PASS" starttime="20210508 02:29:39.763" endtime="20210508 02:29:42.359"/>
</kw>
<status status="FAIL" starttime="20210508 02:29:33.372" endtime="20210508 02:29:42.359"/>
</suite>
<statistics>
<total>
<stat pass="1" fail="1" skip="0">All Tests</stat>
</total>
<tag>
</tag>
<suite>
<stat pass="1" fail="1" skip="0" id="s1" name="Main">Main</stat>
</suite>
</statistics>
<errors>
</errors>
</robot>
