<?xml version="1.0" encoding="UTF-8"?>
<robot generator="Robot 4.0.1 (Python 3.9.4 on win32)" generated="20210508 02:15:11.955" rpa="false" schemaversion="2">
<suite id="s1" name="Main" source="C:\developpement\notre_ihm\tests\main.robot">
<kw name="Begin Web Test" library="common" type="SETUP">
<kw name="Open Browser" library="SeleniumLibrary">
<arg>about:blank</arg>
<arg>${browser}</arg>
<doc>Opens a new browser instance to the optional ``url``.</doc>
<msg timestamp="20210508 02:15:12.170" level="INFO">Opening browser 'chrome' to base url 'about:blank'.</msg>
<status status="PASS" starttime="20210508 02:15:12.170" endtime="20210508 02:15:13.234"/>
</kw>
<kw name="Maximize Browser Window" library="SeleniumLibrary">
<doc>Maximizes current browser window.</doc>
<status status="PASS" starttime="20210508 02:15:13.234" endtime="20210508 02:15:13.354"/>
</kw>
<status status="PASS" starttime="20210508 02:15:12.170" endtime="20210508 02:15:13.354"/>
</kw>
<test id="s1-t1" name="Voir produits Disponibles">
<kw name="Charger la page web" library="PageAccueil">
<kw name="Go To" library="SeleniumLibrary">
<arg>${google_url}</arg>
<doc>Navigates the current browser window to the provided ``url``.</doc>
<msg timestamp="20210508 02:15:13.355" level="INFO">Opening url 'https://www.google.com/'</msg>
<status status="PASS" starttime="20210508 02:15:13.355" endtime="20210508 02:15:13.672"/>
</kw>
<kw name="Set Selenium Implicit Wait" library="SeleniumLibrary">
<arg>1000</arg>
<doc>Sets the implicit wait value used by Selenium.</doc>
<status status="PASS" starttime="20210508 02:15:13.672" endtime="20210508 02:15:13.673"/>
</kw>
<kw name="Wait Until Page Contains" library="SeleniumLibrary">
<arg>J'accepte</arg>
<doc>Waits until ``text`` appears on the current page.</doc>
<status status="PASS" starttime="20210508 02:15:13.673" endtime="20210508 02:15:13.686"/>
</kw>
<kw name="Click Element" library="SeleniumLibrary">
<arg>xpath=//*[@id="zV9nZe"]/div</arg>
<doc>Click the element identified by ``locator``.</doc>
<msg timestamp="20210508 02:15:13.687" level="INFO">Clicking element 'xpath=//*[@id="zV9nZe"]/div'.</msg>
<status status="PASS" starttime="20210508 02:15:13.686" endtime="20210508 02:15:13.725"/>
</kw>
<status status="PASS" starttime="20210508 02:15:13.355" endtime="20210508 02:15:13.725"/>
</kw>
<kw name="Chercher le site web" library="PageAccueil">
<kw name="Clear Element Text" library="SeleniumLibrary">
<arg>name=q</arg>
<doc>Clears the value of the text-input-element identified by ``locator``.</doc>
<status status="PASS" starttime="20210508 02:15:13.726" endtime="20210508 02:15:13.769"/>
</kw>
<kw name="Input Text" library="SeleniumLibrary">
<arg>name=q</arg>
<arg>amazon</arg>
<doc>Types the given ``text`` into the text field identified by ``locator``.</doc>
<msg timestamp="20210508 02:15:13.769" level="INFO">Typing text 'amazon' into text field 'name=q'.</msg>
<status status="PASS" starttime="20210508 02:15:13.769" endtime="20210508 02:15:13.916"/>
</kw>
<kw name="Click Element" library="SeleniumLibrary">
<arg>name=btnK</arg>
<doc>Click the element identified by ``locator``.</doc>
<msg timestamp="20210508 02:15:13.917" level="INFO">Clicking element 'name=btnK'.</msg>
<status status="PASS" starttime="20210508 02:15:13.916" endtime="20210508 02:15:14.909"/>
</kw>
<kw name="Wait Until Page Contains" library="SeleniumLibrary">
<arg>Images</arg>
<doc>Waits until ``text`` appears on the current page.</doc>
<status status="PASS" starttime="20210508 02:15:14.909" endtime="20210508 02:15:14.923"/>
</kw>
<status status="PASS" starttime="20210508 02:15:13.725" endtime="20210508 02:15:14.923"/>
</kw>
<kw name="Naviguer vers le site Amazon" library="PageAccueil">
<kw name="Click Element" library="SeleniumLibrary">
<arg>xpath=//*[@id="tads"]/div/div/div/div[1]/a/div[1]</arg>
<doc>Click the element identified by ``locator``.</doc>
<msg timestamp="20210508 02:15:14.925" level="INFO">Clicking element 'xpath=//*[@id="tads"]/div/div/div/div[1]/a/div[1]'.</msg>
<status status="PASS" starttime="20210508 02:15:14.924" endtime="20210508 02:15:15.831"/>
</kw>
<kw name="Wait Until Page Contains" library="SeleniumLibrary">
<arg>Commandes</arg>
<doc>Waits until ``text`` appears on the current page.</doc>
<status status="PASS" starttime="20210508 02:15:15.831" endtime="20210508 02:15:16.012"/>
</kw>
<status status="PASS" starttime="20210508 02:15:14.924" endtime="20210508 02:15:16.012"/>
</kw>
<kw name="Rechercher le produit" library="PageAccueil">
<kw name="Clear Element Text" library="SeleniumLibrary">
<arg>xpath=//*[@id="twotabsearchtextbox"]</arg>
<doc>Clears the value of the text-input-element identified by ``locator``.</doc>
<status status="PASS" starttime="20210508 02:15:16.013" endtime="20210508 02:15:16.150"/>
</kw>
<kw name="Input Text" library="SeleniumLibrary">
<arg>xpath=//*[@id="twotabsearchtextbox"]</arg>
<arg>rj45 cable</arg>
<doc>Types the given ``text`` into the text field identified by ``locator``.</doc>
<msg timestamp="20210508 02:15:16.150" level="INFO">Typing text 'rj45 cable' into text field 'xpath=//*[@id="twotabsearchtextbox"]'.</msg>
<status status="PASS" starttime="20210508 02:15:16.150" endtime="20210508 02:15:16.250"/>
</kw>
<kw name="Click Element" library="SeleniumLibrary">
<arg>//*[@id="nav-search-submit-button"]</arg>
<doc>Click the element identified by ``locator``.</doc>
<msg timestamp="20210508 02:15:16.250" level="INFO">Clicking element '//*[@id="nav-search-submit-button"]'.</msg>
<status status="PASS" starttime="20210508 02:15:16.250" endtime="20210508 02:15:17.582"/>
</kw>
<kw name="Set Selenium Implicit Wait" library="SeleniumLibrary">
<arg>1000</arg>
<doc>Sets the implicit wait value used by Selenium.</doc>
<status status="PASS" starttime="20210508 02:15:17.582" endtime="20210508 02:15:17.583"/>
</kw>
<kw name="Click Element" library="SeleniumLibrary">
<arg>//*[@id="sp-cc-accept"]</arg>
<doc>Click the element identified by ``locator``.</doc>
<msg timestamp="20210508 02:15:17.583" level="INFO">Clicking element '//*[@id="sp-cc-accept"]'.</msg>
<status status="PASS" starttime="20210508 02:15:17.583" endtime="20210508 02:15:17.672"/>
</kw>
<kw name="Wait Until Page Contains" library="SeleniumLibrary">
<arg>Commandes</arg>
<doc>Waits until ``text`` appears on the current page.</doc>
<status status="PASS" starttime="20210508 02:15:17.672" endtime="20210508 02:15:17.696"/>
</kw>
<kw name="Press Keys" library="SeleniumLibrary">
<arg>NONE</arg>
<arg>PAGE_DOWN</arg>
<doc>Simulates the user pressing key(s) to an element or on the active browser.</doc>
<msg timestamp="20210508 02:15:17.697" level="INFO">Sending key(s) ('PAGE_DOWN',) to page.</msg>
<msg timestamp="20210508 02:15:17.697" level="INFO">Pressing special key PAGE_DOWN to browser.</msg>
<msg timestamp="20210508 02:15:17.697" level="INFO">Releasing special key PAGE_DOWN.</msg>
<status status="PASS" starttime="20210508 02:15:17.696" endtime="20210508 02:15:17.702"/>
</kw>
<kw name="Set Selenium Implicit Wait" library="SeleniumLibrary">
<arg>1000</arg>
<doc>Sets the implicit wait value used by Selenium.</doc>
<status status="PASS" starttime="20210508 02:15:17.702" endtime="20210508 02:15:17.703"/>
</kw>
<status status="PASS" starttime="20210508 02:15:16.013" endtime="20210508 02:15:17.703"/>
</kw>
<status status="PASS" starttime="20210508 02:15:13.354" endtime="20210508 02:15:17.704"/>
</test>
<test id="s1-t2" name="Choisir son produit">
<kw name="Choisir Produit Interessant" library="PageProduit">
<kw name="Click Element" library="SeleniumLibrary">
<arg>//*[@id="search"]/div[1]/div/div[1]/div/span[3]/div[2]/div[6]/div/span/div/div/div[2]/h2/a</arg>
<doc>Click the element identified by ``locator``.</doc>
<msg timestamp="20210508 02:15:17.706" level="INFO">Clicking element '//*[@id="search"]/div[1]/div/div[1]/div/span[3]/div[2]/div[6]/div/span/div/div/div[2]/h2/a'.</msg>
<status status="PASS" starttime="20210508 02:15:17.706" endtime="20210508 02:15:20.199"/>
</kw>
<kw name="Wait Until Page Contains" library="SeleniumLibrary">
<arg>Ajouter au panier</arg>
<doc>Waits until ``text`` appears on the current page.</doc>
<status status="PASS" starttime="20210508 02:15:20.200" endtime="20210508 02:15:20.249"/>
</kw>
<status status="PASS" starttime="20210508 02:15:17.705" endtime="20210508 02:15:20.249"/>
</kw>
<kw name="Chosir taille cable" library="PageProduit">
<kw name="Click Element" library="SeleniumLibrary">
<arg>//*[@id="native_dropdown_selected_item_display_length"]</arg>
<doc>Click the element identified by ``locator``.</doc>
<msg timestamp="20210508 02:15:20.250" level="INFO">Clicking element '//*[@id="native_dropdown_selected_item_display_length"]'.</msg>
<status status="PASS" starttime="20210508 02:15:20.250" endtime="20210508 02:15:20.440"/>
</kw>
<kw name="Click Element" library="SeleniumLibrary">
<arg>//*[@id="native_item_display_length_1"]</arg>
<doc>Click the element identified by ``locator``.</doc>
<msg timestamp="20210508 02:15:20.441" level="INFO">Clicking element '//*[@id="native_item_display_length_1"]'.</msg>
<status status="PASS" starttime="20210508 02:15:20.441" endtime="20210508 02:15:20.533"/>
</kw>
<kw name="Wait Until Page Contains" library="SeleniumLibrary">
<arg>Ajouter au panier</arg>
<doc>Waits until ``text`` appears on the current page.</doc>
<status status="PASS" starttime="20210508 02:15:20.533" endtime="20210508 02:15:20.647"/>
</kw>
<status status="PASS" starttime="20210508 02:15:20.249" endtime="20210508 02:15:20.647"/>
</kw>
<kw name="Ajouter produit au panier" library="PageProduit">
<kw name="Click Element" library="SeleniumLibrary">
<arg>//*[@id="add-to-cart-button"]</arg>
<doc>Click the element identified by ``locator``.</doc>
<msg timestamp="20210508 02:15:20.649" level="INFO">Clicking element '//*[@id="add-to-cart-button"]'.</msg>
<status status="PASS" starttime="20210508 02:15:20.648" endtime="20210508 02:15:21.730"/>
</kw>
<kw name="Wait Until Page Contains" library="SeleniumLibrary">
<arg>Ajouté au panier</arg>
<doc>Waits until ``text`` appears on the current page.</doc>
<status status="PASS" starttime="20210508 02:15:21.730" endtime="20210508 02:15:21.762"/>
</kw>
<status status="PASS" starttime="20210508 02:15:20.648" endtime="20210508 02:15:21.762"/>
</kw>
<status status="PASS" starttime="20210508 02:15:17.705" endtime="20210508 02:15:21.763"/>
</test>
<kw name="End Web Test" library="common" type="TEARDOWN">
<kw name="Close Browser" library="SeleniumLibrary">
<doc>Closes the current browser.</doc>
<status status="PASS" starttime="20210508 02:15:21.764" endtime="20210508 02:15:23.984"/>
</kw>
<status status="PASS" starttime="20210508 02:15:21.764" endtime="20210508 02:15:23.984"/>
</kw>
<status status="PASS" starttime="20210508 02:15:11.956" endtime="20210508 02:15:23.984"/>
</suite>
<statistics>
<total>
<stat pass="2" fail="0" skip="0">All Tests</stat>
</total>
<tag>
</tag>
<suite>
<stat pass="2" fail="0" skip="0" id="s1" name="Main">Main</stat>
</suite>
</statistics>
<errors>
</errors>
</robot>
